{"numFailedTestSuites":8,"numFailedTests":18,"numPassedTestSuites":0,"numPassedTests":0,"numPendingTestSuites":0,"numPendingTests":0,"numRuntimeErrorTestSuites":1,"numTodoTests":0,"numTotalTestSuites":8,"numTotalTests":18,"openHandles":[],"snapshot":{"added":0,"didUpdate":false,"failure":false,"filesAdded":0,"filesRemoved":0,"filesUnmatched":0,"filesUpdated":0,"matched":0,"total":0,"unchecked":0,"uncheckedKeysByFile":[],"unmatched":0,"updated":0},"startTime":1555760783918,"success":false,"testResults":[{"console":null,"failureMessage":"\u001b[1m\u001b[31m  \u001b[1m● \u001b[1mexercise 3 › The store should have a deleteItem function that deletes an item from the list\u001b[39m\u001b[22m\n\n    Custom message:\n      the addItem function should add an item to the list\n\n    \u001b[2mexpect(\u001b[22m\u001b[31mreceived\u001b[39m\u001b[2m).\u001b[22mtoBeTruthy\u001b[2m()\u001b[22m\n\n    Received: \u001b[31mundefined\u001b[39m\n\u001b[2m\u001b[22m\n\u001b[2m    \u001b[0m \u001b[90m 15 | \u001b[39m        groceryList\u001b[33m.\u001b[39maddItem(\u001b[32m\"test\"\u001b[39m)\u001b[0m\u001b[22m\n\u001b[2m    \u001b[0m \u001b[90m 16 | \u001b[39m        \u001b[36mconst\u001b[39m test1 \u001b[33m=\u001b[39m groceryList\u001b[33m.\u001b[39mlist\u001b[33m.\u001b[39mfind(i \u001b[33m=>\u001b[39m i\u001b[33m.\u001b[39mname \u001b[33m===\u001b[39m \u001b[32m\"test\"\u001b[39m)\u001b[0m\u001b[22m\n\u001b[2m    \u001b[0m\u001b[31m\u001b[1m>\u001b[2m\u001b[39m\u001b[90m 17 | \u001b[39m        expect(test1\u001b[33m,\u001b[39m \u001b[32m\"the addItem function should add an item to the list\"\u001b[39m)\u001b[33m.\u001b[39mtoBeTruthy()\u001b[0m\u001b[22m\n\u001b[2m    \u001b[0m \u001b[90m    | \u001b[39m                                                                             \u001b[31m\u001b[1m^\u001b[2m\u001b[39m\u001b[0m\u001b[22m\n\u001b[2m    \u001b[0m \u001b[90m 18 | \u001b[39m        groceryList\u001b[33m.\u001b[39mdeleteItem(\u001b[32m\"test\"\u001b[39m)\u001b[0m\u001b[22m\n\u001b[2m    \u001b[0m \u001b[90m 19 | \u001b[39m        \u001b[36mconst\u001b[39m test2 \u001b[33m=\u001b[39m groceryList\u001b[33m.\u001b[39mlist\u001b[33m.\u001b[39mfind(i \u001b[33m=>\u001b[39m i\u001b[33m.\u001b[39mname \u001b[33m===\u001b[39m \u001b[32m\"test\"\u001b[39m)\u001b[0m\u001b[22m\n\u001b[2m    \u001b[0m \u001b[90m 20 | \u001b[39m        expect(test2\u001b[33m,\u001b[39m \u001b[32m\"the delete Item function should delete a given item from the list\"\u001b[39m)\u001b[33m.\u001b[39mtoBeFalsy()\u001b[0m\u001b[22m\n\u001b[2m\u001b[22m\n\u001b[2m      \u001b[2mat Object.toBeTruthy (\u001b[2m\u001b[0m\u001b[36mtests/exercises/ex-4.test.js\u001b[39m\u001b[0m\u001b[2m:17:78)\u001b[2m\u001b[22m\n\n\u001b[1m\u001b[31m  \u001b[1m● \u001b[1mexercise 3 › deleteItem function should be a MobX action\u001b[39m\u001b[22m\n\n    \u001b[2mexpect(\u001b[22m\u001b[31mreceived\u001b[39m\u001b[2m).\u001b[22mtoBeTruthy\u001b[2m()\u001b[22m\n\n    Received: \u001b[31mundefined\u001b[39m\n\u001b[2m\u001b[22m\n\u001b[2m    \u001b[0m \u001b[90m 21 | \u001b[39m    })\u001b[0m\u001b[22m\n\u001b[2m    \u001b[0m \u001b[90m 22 | \u001b[39m    it (\u001b[32m'deleteItem function should be a MobX action'\u001b[39m\u001b[33m,\u001b[39m () \u001b[33m=>\u001b[39m {\u001b[0m\u001b[22m\n\u001b[2m    \u001b[0m\u001b[31m\u001b[1m>\u001b[2m\u001b[39m\u001b[90m 23 | \u001b[39m        expect(groceryList\u001b[33m.\u001b[39mdeleteItem\u001b[33m.\u001b[39misMobxAction)\u001b[33m.\u001b[39mtoBeTruthy()\u001b[0m\u001b[22m\n\u001b[2m    \u001b[0m \u001b[90m    | \u001b[39m                                                    \u001b[31m\u001b[1m^\u001b[2m\u001b[39m\u001b[0m\u001b[22m\n\u001b[2m    \u001b[0m \u001b[90m 24 | \u001b[39m    })\u001b[0m\u001b[22m\n\u001b[2m    \u001b[0m \u001b[90m 25 | \u001b[39m    it(\u001b[32m'delete button should be rendered per each list item and work on click'\u001b[39m\u001b[33m,\u001b[39m () \u001b[33m=>\u001b[39m {\u001b[0m\u001b[22m\n\u001b[2m    \u001b[0m \u001b[90m 26 | \u001b[39m        \u001b[36mconst\u001b[39m wrapper \u001b[33m=\u001b[39m mount(\u001b[33m<\u001b[39m\u001b[33mApp\u001b[39m store \u001b[33m=\u001b[39m {groceryList}\u001b[33m/\u001b[39m\u001b[33m>\u001b[39m)\u001b[0m\u001b[22m\n\u001b[2m\u001b[22m\n\u001b[2m      \u001b[2mat Object.toBeTruthy (\u001b[2m\u001b[0m\u001b[36mtests/exercises/ex-4.test.js\u001b[39m\u001b[0m\u001b[2m:23:53)\u001b[2m\u001b[22m\n\n\u001b[1m\u001b[31m  \u001b[1m● \u001b[1mexercise 3 › delete button should be rendered per each list item and work on click\u001b[39m\u001b[22m\n\n    Method “props” is meant to be run on 1 node. 0 found instead.\n\u001b[2m\u001b[22m\n\u001b[2m    \u001b[0m \u001b[90m 25 | \u001b[39m    it(\u001b[32m'delete button should be rendered per each list item and work on click'\u001b[39m\u001b[33m,\u001b[39m () \u001b[33m=>\u001b[39m {\u001b[0m\u001b[22m\n\u001b[2m    \u001b[0m \u001b[90m 26 | \u001b[39m        \u001b[36mconst\u001b[39m wrapper \u001b[33m=\u001b[39m mount(\u001b[33m<\u001b[39m\u001b[33mApp\u001b[39m store \u001b[33m=\u001b[39m {groceryList}\u001b[33m/\u001b[39m\u001b[33m>\u001b[39m)\u001b[0m\u001b[22m\n\u001b[2m    \u001b[0m\u001b[31m\u001b[1m>\u001b[2m\u001b[39m\u001b[90m 27 | \u001b[39m        let selected \u001b[33m=\u001b[39m wrapper\u001b[33m.\u001b[39mfind(\u001b[32m\".listItem\"\u001b[39m)\u001b[33m.\u001b[39mfirst()\u001b[33m.\u001b[39mprops()\u001b[33m.\u001b[39mvalue\u001b[0m\u001b[22m\n\u001b[2m    \u001b[0m \u001b[90m    | \u001b[39m                                                         \u001b[31m\u001b[1m^\u001b[2m\u001b[39m\u001b[0m\u001b[22m\n\u001b[2m    \u001b[0m \u001b[90m 28 | \u001b[39m        expect(selected)\u001b[33m.\u001b[39mtoBe(\u001b[32m'Potatoes'\u001b[39m)\u001b[0m\u001b[22m\n\u001b[2m    \u001b[0m \u001b[90m 29 | \u001b[39m        wrapper\u001b[33m.\u001b[39mfind(\u001b[32m'.deleteButton'\u001b[39m)\u001b[33m.\u001b[39mfirst()\u001b[33m.\u001b[39msimulate(\u001b[32m'click'\u001b[39m)\u001b[0m\u001b[22m\n\u001b[2m    \u001b[0m \u001b[90m 30 | \u001b[39m        expect(wrapper\u001b[33m.\u001b[39mfind(\u001b[32m\".listItem\"\u001b[39m)\u001b[33m.\u001b[39mfirst()\u001b[33m.\u001b[39mprops()\u001b[33m.\u001b[39mvalue)\u001b[33m.\u001b[39mnot\u001b[33m.\u001b[39mtoBe(selected)\u001b[0m\u001b[22m\n\u001b[2m\u001b[22m\n\u001b[2m      \u001b[2mat ReactWrapper.single (\u001b[2mnode_modules/enzyme/build/ReactWrapper.js\u001b[2m:1718:17)\u001b[2m\u001b[22m\n\u001b[2m      \u001b[2mat ReactWrapper.props (\u001b[2mnode_modules/enzyme/build/ReactWrapper.js\u001b[2m:1013:21)\u001b[2m\u001b[22m\n\u001b[2m      \u001b[2mat Object.props (\u001b[2m\u001b[0m\u001b[36mtests/exercises/ex-4.test.js\u001b[39m\u001b[0m\u001b[2m:27:58)\u001b[2m\u001b[22m\n","numFailingTests":3,"numPassingTests":0,"numPendingTests":0,"numTodoTests":0,"perfStats":{"end":1555760786534,"start":1555760785167},"snapshot":{"added":0,"fileDeleted":false,"matched":0,"unchecked":0,"unmatched":0,"updated":0,"uncheckedKeys":[]},"testFilePath":"/Users/hunter/Repositories/Elevation/tests/mobx1-lesson-exercises/tests/exercises/ex-4.test.js","testResults":[{"ancestorTitles":["exercise 3"],"duration":7,"failureMessages":["Error: Custom message:\n  the addItem function should add an item to the list\n\n\u001b[2mexpect(\u001b[22m\u001b[31mreceived\u001b[39m\u001b[2m).\u001b[22mtoBeTruthy\u001b[2m()\u001b[22m\n\nReceived: \u001b[31mundefined\u001b[39m\n    at Object.toBeTruthy (/Users/hunter/Repositories/Elevation/tests/mobx1-lesson-exercises/tests/exercises/ex-4.test.js:17:78)\n    at Object.asyncJestTest (/Users/hunter/Repositories/Elevation/tests/mobx1-lesson-exercises/node_modules/jest-config/node_modules/jest-jasmine2/build/jasmineAsyncInstall.js:102:37)\n    at resolve (/Users/hunter/Repositories/Elevation/tests/mobx1-lesson-exercises/node_modules/jest-config/node_modules/jest-jasmine2/build/queueRunner.js:41:12)\n    at new Promise (<anonymous>)\n    at mapper (/Users/hunter/Repositories/Elevation/tests/mobx1-lesson-exercises/node_modules/jest-config/node_modules/jest-jasmine2/build/queueRunner.js:26:19)\n    at promise.then (/Users/hunter/Repositories/Elevation/tests/mobx1-lesson-exercises/node_modules/jest-config/node_modules/jest-jasmine2/build/queueRunner.js:71:41)\n    at processTicksAndRejections (internal/process/next_tick.js:81:5)"],"fullName":"exercise 3 The store should have a deleteItem function that deletes an item from the list","location":null,"numPassingAsserts":0,"status":"failed","title":"The store should have a deleteItem function that deletes an item from the list"},{"ancestorTitles":["exercise 3"],"duration":3,"failureMessages":["Error: \u001b[2mexpect(\u001b[22m\u001b[31mreceived\u001b[39m\u001b[2m).\u001b[22mtoBeTruthy\u001b[2m()\u001b[22m\n\nReceived: \u001b[31mundefined\u001b[39m\n    at Object.toBeTruthy (/Users/hunter/Repositories/Elevation/tests/mobx1-lesson-exercises/tests/exercises/ex-4.test.js:23:53)\n    at Object.asyncJestTest (/Users/hunter/Repositories/Elevation/tests/mobx1-lesson-exercises/node_modules/jest-config/node_modules/jest-jasmine2/build/jasmineAsyncInstall.js:102:37)\n    at resolve (/Users/hunter/Repositories/Elevation/tests/mobx1-lesson-exercises/node_modules/jest-config/node_modules/jest-jasmine2/build/queueRunner.js:41:12)\n    at new Promise (<anonymous>)\n    at mapper (/Users/hunter/Repositories/Elevation/tests/mobx1-lesson-exercises/node_modules/jest-config/node_modules/jest-jasmine2/build/queueRunner.js:26:19)\n    at promise.then (/Users/hunter/Repositories/Elevation/tests/mobx1-lesson-exercises/node_modules/jest-config/node_modules/jest-jasmine2/build/queueRunner.js:71:41)\n    at processTicksAndRejections (internal/process/next_tick.js:81:5)"],"fullName":"exercise 3 deleteItem function should be a MobX action","location":null,"numPassingAsserts":0,"status":"failed","title":"deleteItem function should be a MobX action"},{"ancestorTitles":["exercise 3"],"duration":32,"failureMessages":["Error: Method “props” is meant to be run on 1 node. 0 found instead.\n    at ReactWrapper.single (/Users/hunter/Repositories/Elevation/tests/mobx1-lesson-exercises/node_modules/enzyme/build/ReactWrapper.js:1718:17)\n    at ReactWrapper.props (/Users/hunter/Repositories/Elevation/tests/mobx1-lesson-exercises/node_modules/enzyme/build/ReactWrapper.js:1013:21)\n    at Object.props (/Users/hunter/Repositories/Elevation/tests/mobx1-lesson-exercises/tests/exercises/ex-4.test.js:27:58)\n    at Object.asyncJestTest (/Users/hunter/Repositories/Elevation/tests/mobx1-lesson-exercises/node_modules/jest-config/node_modules/jest-jasmine2/build/jasmineAsyncInstall.js:102:37)\n    at resolve (/Users/hunter/Repositories/Elevation/tests/mobx1-lesson-exercises/node_modules/jest-config/node_modules/jest-jasmine2/build/queueRunner.js:41:12)\n    at new Promise (<anonymous>)\n    at mapper (/Users/hunter/Repositories/Elevation/tests/mobx1-lesson-exercises/node_modules/jest-config/node_modules/jest-jasmine2/build/queueRunner.js:26:19)\n    at promise.then (/Users/hunter/Repositories/Elevation/tests/mobx1-lesson-exercises/node_modules/jest-config/node_modules/jest-jasmine2/build/queueRunner.js:71:41)\n    at processTicksAndRejections (internal/process/next_tick.js:81:5)"],"fullName":"exercise 3 delete button should be rendered per each list item and work on click","location":null,"numPassingAsserts":0,"status":"failed","title":"delete button should be rendered per each list item and work on click"}],"sourceMaps":{},"skipped":false,"leaks":false},{"console":null,"failureMessage":"\u001b[1m\u001b[31m  \u001b[1m● \u001b[1mexercise1 › Application should render without crashing\u001b[39m\u001b[22m\n\n    TypeError: _ShoppingList.default is not a constructor\n\u001b[2m\u001b[22m\n\u001b[2m    \u001b[0m \u001b[90m 11 | \u001b[39mdescribe(\u001b[32m\"exercise1\"\u001b[39m\u001b[33m,\u001b[39m () \u001b[33m=>\u001b[39m {\u001b[0m\u001b[22m\n\u001b[2m    \u001b[0m \u001b[90m 12 | \u001b[39m    beforeAll( () \u001b[33m=>\u001b[39m {\u001b[0m\u001b[22m\n\u001b[2m    \u001b[0m\u001b[31m\u001b[1m>\u001b[2m\u001b[39m\u001b[90m 13 | \u001b[39m        gorceryList \u001b[33m=\u001b[39m \u001b[36mnew\u001b[39m \u001b[33mShoppingList\u001b[39m()\u001b[0m\u001b[22m\n\u001b[2m    \u001b[0m \u001b[90m    | \u001b[39m                      \u001b[31m\u001b[1m^\u001b[2m\u001b[39m\u001b[0m\u001b[22m\n\u001b[2m    \u001b[0m \u001b[90m 14 | \u001b[39m    })\u001b[0m\u001b[22m\n\u001b[2m    \u001b[0m \u001b[90m 15 | \u001b[39m    it(\u001b[32m'Application should render without crashing'\u001b[39m\u001b[33m,\u001b[39m () \u001b[33m=>\u001b[39m {\u001b[0m\u001b[22m\n\u001b[2m    \u001b[0m \u001b[90m 16 | \u001b[39m        \u001b[36mconst\u001b[39m div \u001b[33m=\u001b[39m document\u001b[33m.\u001b[39mcreateElement(\u001b[32m'div'\u001b[39m)\u001b[33m;\u001b[39m\u001b[0m\u001b[22m\n\u001b[2m\u001b[22m\n\u001b[2m      \u001b[2mat Object.<anonymous> (\u001b[2m\u001b[0m\u001b[36mtests/spot-check-3/ex-1.test.js\u001b[39m\u001b[0m\u001b[2m:13:23)\u001b[2m\u001b[22m\n\n\u001b[1m\u001b[31m  \u001b[1m● \u001b[1mexercise1 › store should have a checkItem function that updates a given items completed property\u001b[39m\u001b[22m\n\n    TypeError: _ShoppingList.default is not a constructor\n\u001b[2m\u001b[22m\n\u001b[2m    \u001b[0m \u001b[90m 11 | \u001b[39mdescribe(\u001b[32m\"exercise1\"\u001b[39m\u001b[33m,\u001b[39m () \u001b[33m=>\u001b[39m {\u001b[0m\u001b[22m\n\u001b[2m    \u001b[0m \u001b[90m 12 | \u001b[39m    beforeAll( () \u001b[33m=>\u001b[39m {\u001b[0m\u001b[22m\n\u001b[2m    \u001b[0m\u001b[31m\u001b[1m>\u001b[2m\u001b[39m\u001b[90m 13 | \u001b[39m        gorceryList \u001b[33m=\u001b[39m \u001b[36mnew\u001b[39m \u001b[33mShoppingList\u001b[39m()\u001b[0m\u001b[22m\n\u001b[2m    \u001b[0m \u001b[90m    | \u001b[39m                      \u001b[31m\u001b[1m^\u001b[2m\u001b[39m\u001b[0m\u001b[22m\n\u001b[2m    \u001b[0m \u001b[90m 14 | \u001b[39m    })\u001b[0m\u001b[22m\n\u001b[2m    \u001b[0m \u001b[90m 15 | \u001b[39m    it(\u001b[32m'Application should render without crashing'\u001b[39m\u001b[33m,\u001b[39m () \u001b[33m=>\u001b[39m {\u001b[0m\u001b[22m\n\u001b[2m    \u001b[0m \u001b[90m 16 | \u001b[39m        \u001b[36mconst\u001b[39m div \u001b[33m=\u001b[39m document\u001b[33m.\u001b[39mcreateElement(\u001b[32m'div'\u001b[39m)\u001b[33m;\u001b[39m\u001b[0m\u001b[22m\n\u001b[2m\u001b[22m\n\u001b[2m      \u001b[2mat Object.<anonymous> (\u001b[2m\u001b[0m\u001b[36mtests/spot-check-3/ex-1.test.js\u001b[39m\u001b[0m\u001b[2m:13:23)\u001b[2m\u001b[22m\n\n\u001b[1m\u001b[31m  \u001b[1m● \u001b[1mexercise1 › store should have a checkItem function that updates a given items completed property\u001b[39m\u001b[22m\n\n    TypeError: Cannot read property 'checkItem' of undefined\n\u001b[2m\u001b[22m\n\u001b[2m    \u001b[0m \u001b[90m 19 | \u001b[39m      })\u001b[33m;\u001b[39m\u001b[0m\u001b[22m\n\u001b[2m    \u001b[0m \u001b[90m 20 | \u001b[39m    it (\u001b[32m'store should have a checkItem function that updates a given items completed property'\u001b[39m\u001b[33m,\u001b[39m () \u001b[33m=>\u001b[39m {\u001b[0m\u001b[22m\n\u001b[2m    \u001b[0m\u001b[31m\u001b[1m>\u001b[2m\u001b[39m\u001b[90m 21 | \u001b[39m        \u001b[36mconst\u001b[39m checkItem \u001b[33m=\u001b[39m gorceryList\u001b[33m.\u001b[39mcheckItem\u001b[0m\u001b[22m\n\u001b[2m    \u001b[0m \u001b[90m    | \u001b[39m                                      \u001b[31m\u001b[1m^\u001b[2m\u001b[39m\u001b[0m\u001b[22m\n\u001b[2m    \u001b[0m \u001b[90m 22 | \u001b[39m        gorceryList\u001b[33m.\u001b[39mlist\u001b[33m.\u001b[39mpush({name\u001b[33m:\u001b[39m \u001b[32m\"test\"\u001b[39m\u001b[33m,\u001b[39m completed\u001b[33m:\u001b[39m \u001b[36mfalse\u001b[39m})\u001b[0m\u001b[22m\n\u001b[2m    \u001b[0m \u001b[90m 23 | \u001b[39m        checkItem(\u001b[32m\"test\"\u001b[39m)\u001b[0m\u001b[22m\n\u001b[2m    \u001b[0m \u001b[90m 24 | \u001b[39m        \u001b[36mconst\u001b[39m test \u001b[33m=\u001b[39m gorceryList\u001b[33m.\u001b[39mlist\u001b[33m.\u001b[39mfind(i \u001b[33m=>\u001b[39m i\u001b[33m.\u001b[39mname \u001b[33m===\u001b[39m \u001b[32m\"test\"\u001b[39m)\u001b[0m\u001b[22m\n\u001b[2m\u001b[22m\n\u001b[2m      \u001b[2mat Object.checkItem (\u001b[2m\u001b[0m\u001b[36mtests/spot-check-3/ex-1.test.js\u001b[39m\u001b[0m\u001b[2m:21:39)\u001b[2m\u001b[22m\n\n\u001b[1m\u001b[31m  \u001b[1m● \u001b[1mexercise1 › checkItem function should be a MobX action\u001b[39m\u001b[22m\n\n    TypeError: _ShoppingList.default is not a constructor\n\u001b[2m\u001b[22m\n\u001b[2m    \u001b[0m \u001b[90m 11 | \u001b[39mdescribe(\u001b[32m\"exercise1\"\u001b[39m\u001b[33m,\u001b[39m () \u001b[33m=>\u001b[39m {\u001b[0m\u001b[22m\n\u001b[2m    \u001b[0m \u001b[90m 12 | \u001b[39m    beforeAll( () \u001b[33m=>\u001b[39m {\u001b[0m\u001b[22m\n\u001b[2m    \u001b[0m\u001b[31m\u001b[1m>\u001b[2m\u001b[39m\u001b[90m 13 | \u001b[39m        gorceryList \u001b[33m=\u001b[39m \u001b[36mnew\u001b[39m \u001b[33mShoppingList\u001b[39m()\u001b[0m\u001b[22m\n\u001b[2m    \u001b[0m \u001b[90m    | \u001b[39m                      \u001b[31m\u001b[1m^\u001b[2m\u001b[39m\u001b[0m\u001b[22m\n\u001b[2m    \u001b[0m \u001b[90m 14 | \u001b[39m    })\u001b[0m\u001b[22m\n\u001b[2m    \u001b[0m \u001b[90m 15 | \u001b[39m    it(\u001b[32m'Application should render without crashing'\u001b[39m\u001b[33m,\u001b[39m () \u001b[33m=>\u001b[39m {\u001b[0m\u001b[22m\n\u001b[2m    \u001b[0m \u001b[90m 16 | \u001b[39m        \u001b[36mconst\u001b[39m div \u001b[33m=\u001b[39m document\u001b[33m.\u001b[39mcreateElement(\u001b[32m'div'\u001b[39m)\u001b[33m;\u001b[39m\u001b[0m\u001b[22m\n\u001b[2m\u001b[22m\n\u001b[2m      \u001b[2mat Object.<anonymous> (\u001b[2m\u001b[0m\u001b[36mtests/spot-check-3/ex-1.test.js\u001b[39m\u001b[0m\u001b[2m:13:23)\u001b[2m\u001b[22m\n\n\u001b[1m\u001b[31m  \u001b[1m● \u001b[1mexercise1 › checkItem function should be a MobX action\u001b[39m\u001b[22m\n\n    TypeError: Cannot read property 'checkItem' of undefined\n\u001b[2m\u001b[22m\n\u001b[2m    \u001b[0m \u001b[90m 26 | \u001b[39m    })\u001b[0m\u001b[22m\n\u001b[2m    \u001b[0m \u001b[90m 27 | \u001b[39m    it (\u001b[32m'checkItem function should be a MobX action'\u001b[39m\u001b[33m,\u001b[39m () \u001b[33m=>\u001b[39m {\u001b[0m\u001b[22m\n\u001b[2m    \u001b[0m\u001b[31m\u001b[1m>\u001b[2m\u001b[39m\u001b[90m 28 | \u001b[39m        \u001b[36mconst\u001b[39m checkItem \u001b[33m=\u001b[39m gorceryList\u001b[33m.\u001b[39mcheckItem\u001b[0m\u001b[22m\n\u001b[2m    \u001b[0m \u001b[90m    | \u001b[39m                                      \u001b[31m\u001b[1m^\u001b[2m\u001b[39m\u001b[0m\u001b[22m\n\u001b[2m    \u001b[0m \u001b[90m 29 | \u001b[39m        expect(checkItem\u001b[33m.\u001b[39misMobxAction)\u001b[33m.\u001b[39mtoBeTruthy()\u001b[0m\u001b[22m\n\u001b[2m    \u001b[0m \u001b[90m 30 | \u001b[39m    })\u001b[0m\u001b[22m\n\u001b[2m    \u001b[0m \u001b[90m 31 | \u001b[39m    it (\u001b[32m'Your input should have an onClick which invokes the checkItem function'\u001b[39m\u001b[33m,\u001b[39m () \u001b[33m=>\u001b[39m {\u001b[0m\u001b[22m\n\u001b[2m\u001b[22m\n\u001b[2m      \u001b[2mat Object.checkItem (\u001b[2m\u001b[0m\u001b[36mtests/spot-check-3/ex-1.test.js\u001b[39m\u001b[0m\u001b[2m:28:39)\u001b[2m\u001b[22m\n\n\u001b[1m\u001b[31m  \u001b[1m● \u001b[1mexercise1 › Your input should have an onClick which invokes the checkItem function\u001b[39m\u001b[22m\n\n    TypeError: _ShoppingList.default is not a constructor\n\u001b[2m\u001b[22m\n\u001b[2m    \u001b[0m \u001b[90m 11 | \u001b[39mdescribe(\u001b[32m\"exercise1\"\u001b[39m\u001b[33m,\u001b[39m () \u001b[33m=>\u001b[39m {\u001b[0m\u001b[22m\n\u001b[2m    \u001b[0m \u001b[90m 12 | \u001b[39m    beforeAll( () \u001b[33m=>\u001b[39m {\u001b[0m\u001b[22m\n\u001b[2m    \u001b[0m\u001b[31m\u001b[1m>\u001b[2m\u001b[39m\u001b[90m 13 | \u001b[39m        gorceryList \u001b[33m=\u001b[39m \u001b[36mnew\u001b[39m \u001b[33mShoppingList\u001b[39m()\u001b[0m\u001b[22m\n\u001b[2m    \u001b[0m \u001b[90m    | \u001b[39m                      \u001b[31m\u001b[1m^\u001b[2m\u001b[39m\u001b[0m\u001b[22m\n\u001b[2m    \u001b[0m \u001b[90m 14 | \u001b[39m    })\u001b[0m\u001b[22m\n\u001b[2m    \u001b[0m \u001b[90m 15 | \u001b[39m    it(\u001b[32m'Application should render without crashing'\u001b[39m\u001b[33m,\u001b[39m () \u001b[33m=>\u001b[39m {\u001b[0m\u001b[22m\n\u001b[2m    \u001b[0m \u001b[90m 16 | \u001b[39m        \u001b[36mconst\u001b[39m div \u001b[33m=\u001b[39m document\u001b[33m.\u001b[39mcreateElement(\u001b[32m'div'\u001b[39m)\u001b[33m;\u001b[39m\u001b[0m\u001b[22m\n\u001b[2m\u001b[22m\n\u001b[2m      \u001b[2mat Object.<anonymous> (\u001b[2m\u001b[0m\u001b[36mtests/spot-check-3/ex-1.test.js\u001b[39m\u001b[0m\u001b[2m:13:23)\u001b[2m\u001b[22m\n\n\u001b[1m\u001b[31m  \u001b[1m● \u001b[1mexercise1 › Your input should have an onClick which invokes the checkItem function\u001b[39m\u001b[22m\n\n    Method “hasClass” is meant to be run on 1 node. 0 found instead.\n\u001b[2m\u001b[22m\n\u001b[2m    \u001b[0m \u001b[90m 31 | \u001b[39m    it (\u001b[32m'Your input should have an onClick which invokes the checkItem function'\u001b[39m\u001b[33m,\u001b[39m () \u001b[33m=>\u001b[39m {\u001b[0m\u001b[22m\n\u001b[2m    \u001b[0m \u001b[90m 32 | \u001b[39m        \u001b[36mconst\u001b[39m wrapper \u001b[33m=\u001b[39m mount(\u001b[33m<\u001b[39m\u001b[33mApp\u001b[39m store \u001b[33m=\u001b[39m{gorceryList}\u001b[33m/\u001b[39m\u001b[33m>\u001b[39m)\u001b[0m\u001b[22m\n\u001b[2m    \u001b[0m\u001b[31m\u001b[1m>\u001b[2m\u001b[39m\u001b[90m 33 | \u001b[39m        let selected \u001b[33m=\u001b[39m wrapper\u001b[33m.\u001b[39mfind(\u001b[32m\".listItem\"\u001b[39m)\u001b[33m.\u001b[39mfirst()\u001b[33m.\u001b[39mparent(\u001b[32m'div'\u001b[39m)\u001b[33m.\u001b[39mhasClass(\u001b[32m\"crossed\"\u001b[39m)\u001b[0m\u001b[22m\n\u001b[2m    \u001b[0m \u001b[90m    | \u001b[39m                                                                       \u001b[31m\u001b[1m^\u001b[2m\u001b[39m\u001b[0m\u001b[22m\n\u001b[2m    \u001b[0m \u001b[90m 34 | \u001b[39m        wrapper\u001b[33m.\u001b[39mfind(\u001b[32m'.listItem'\u001b[39m)\u001b[33m.\u001b[39mfirst()\u001b[33m.\u001b[39msimulate(\u001b[32m'click'\u001b[39m)\u001b[0m\u001b[22m\n\u001b[2m    \u001b[0m \u001b[90m 35 | \u001b[39m        expect(wrapper\u001b[33m.\u001b[39mfind(\u001b[32m\".listItem\"\u001b[39m)\u001b[33m.\u001b[39mfirst()\u001b[33m.\u001b[39mparent(\u001b[32m'div'\u001b[39m)\u001b[33m.\u001b[39mhasClass(\u001b[32m\"crossed\"\u001b[39m))\u001b[33m.\u001b[39mtoBe(\u001b[33m!\u001b[39mselected)\u001b[0m\u001b[22m\n\u001b[2m    \u001b[0m \u001b[90m 36 | \u001b[39m    })\u001b[0m\u001b[22m\n\u001b[2m\u001b[22m\n\u001b[2m      \u001b[2mat ReactWrapper.single (\u001b[2mnode_modules/enzyme/build/ReactWrapper.js\u001b[2m:1718:17)\u001b[2m\u001b[22m\n\u001b[2m      \u001b[2mat ReactWrapper.hasClass (\u001b[2mnode_modules/enzyme/build/ReactWrapper.js\u001b[2m:1333:21)\u001b[2m\u001b[22m\n\u001b[2m      \u001b[2mat Object.hasClass (\u001b[2m\u001b[0m\u001b[36mtests/spot-check-3/ex-1.test.js\u001b[39m\u001b[0m\u001b[2m:33:72)\u001b[2m\u001b[22m\n","numFailingTests":4,"numPassingTests":0,"numPendingTests":0,"numTodoTests":0,"perfStats":{"end":1555760786545,"start":1555760785156},"snapshot":{"added":0,"fileDeleted":false,"matched":0,"unchecked":0,"unmatched":0,"updated":0,"uncheckedKeys":[]},"testFilePath":"/Users/hunter/Repositories/Elevation/tests/mobx1-lesson-exercises/tests/spot-check-3/ex-1.test.js","testResults":[{"ancestorTitles":["exercise1"],"duration":20,"failureMessages":["TypeError: _ShoppingList.default is not a constructor\n    at Object.<anonymous> (/Users/hunter/Repositories/Elevation/tests/mobx1-lesson-exercises/tests/spot-check-3/ex-1.test.js:13:23)\n    at Object.asyncJestLifecycle (/Users/hunter/Repositories/Elevation/tests/mobx1-lesson-exercises/node_modules/jest-config/node_modules/jest-jasmine2/build/jasmineAsyncInstall.js:53:37)\n    at resolve (/Users/hunter/Repositories/Elevation/tests/mobx1-lesson-exercises/node_modules/jest-config/node_modules/jest-jasmine2/build/queueRunner.js:41:12)\n    at new Promise (<anonymous>)\n    at mapper (/Users/hunter/Repositories/Elevation/tests/mobx1-lesson-exercises/node_modules/jest-config/node_modules/jest-jasmine2/build/queueRunner.js:26:19)\n    at promise.then (/Users/hunter/Repositories/Elevation/tests/mobx1-lesson-exercises/node_modules/jest-config/node_modules/jest-jasmine2/build/queueRunner.js:71:41)\n    at processTicksAndRejections (internal/process/next_tick.js:81:5)"],"fullName":"exercise1 Application should render without crashing","location":null,"numPassingAsserts":0,"status":"failed","title":"Application should render without crashing"},{"ancestorTitles":["exercise1"],"duration":0,"failureMessages":["TypeError: _ShoppingList.default is not a constructor\n    at Object.<anonymous> (/Users/hunter/Repositories/Elevation/tests/mobx1-lesson-exercises/tests/spot-check-3/ex-1.test.js:13:23)\n    at Object.asyncJestLifecycle (/Users/hunter/Repositories/Elevation/tests/mobx1-lesson-exercises/node_modules/jest-config/node_modules/jest-jasmine2/build/jasmineAsyncInstall.js:53:37)\n    at resolve (/Users/hunter/Repositories/Elevation/tests/mobx1-lesson-exercises/node_modules/jest-config/node_modules/jest-jasmine2/build/queueRunner.js:41:12)\n    at new Promise (<anonymous>)\n    at mapper (/Users/hunter/Repositories/Elevation/tests/mobx1-lesson-exercises/node_modules/jest-config/node_modules/jest-jasmine2/build/queueRunner.js:26:19)\n    at promise.then (/Users/hunter/Repositories/Elevation/tests/mobx1-lesson-exercises/node_modules/jest-config/node_modules/jest-jasmine2/build/queueRunner.js:71:41)\n    at processTicksAndRejections (internal/process/next_tick.js:81:5)","TypeError: Cannot read property 'checkItem' of undefined\n    at Object.checkItem (/Users/hunter/Repositories/Elevation/tests/mobx1-lesson-exercises/tests/spot-check-3/ex-1.test.js:21:39)\n    at Object.asyncJestTest (/Users/hunter/Repositories/Elevation/tests/mobx1-lesson-exercises/node_modules/jest-config/node_modules/jest-jasmine2/build/jasmineAsyncInstall.js:102:37)\n    at resolve (/Users/hunter/Repositories/Elevation/tests/mobx1-lesson-exercises/node_modules/jest-config/node_modules/jest-jasmine2/build/queueRunner.js:41:12)\n    at new Promise (<anonymous>)\n    at mapper (/Users/hunter/Repositories/Elevation/tests/mobx1-lesson-exercises/node_modules/jest-config/node_modules/jest-jasmine2/build/queueRunner.js:26:19)\n    at promise.then (/Users/hunter/Repositories/Elevation/tests/mobx1-lesson-exercises/node_modules/jest-config/node_modules/jest-jasmine2/build/queueRunner.js:71:41)\n    at processTicksAndRejections (internal/process/next_tick.js:81:5)"],"fullName":"exercise1 store should have a checkItem function that updates a given items completed property","location":null,"numPassingAsserts":0,"status":"failed","title":"store should have a checkItem function that updates a given items completed property"},{"ancestorTitles":["exercise1"],"duration":0,"failureMessages":["TypeError: _ShoppingList.default is not a constructor\n    at Object.<anonymous> (/Users/hunter/Repositories/Elevation/tests/mobx1-lesson-exercises/tests/spot-check-3/ex-1.test.js:13:23)\n    at Object.asyncJestLifecycle (/Users/hunter/Repositories/Elevation/tests/mobx1-lesson-exercises/node_modules/jest-config/node_modules/jest-jasmine2/build/jasmineAsyncInstall.js:53:37)\n    at resolve (/Users/hunter/Repositories/Elevation/tests/mobx1-lesson-exercises/node_modules/jest-config/node_modules/jest-jasmine2/build/queueRunner.js:41:12)\n    at new Promise (<anonymous>)\n    at mapper (/Users/hunter/Repositories/Elevation/tests/mobx1-lesson-exercises/node_modules/jest-config/node_modules/jest-jasmine2/build/queueRunner.js:26:19)\n    at promise.then (/Users/hunter/Repositories/Elevation/tests/mobx1-lesson-exercises/node_modules/jest-config/node_modules/jest-jasmine2/build/queueRunner.js:71:41)\n    at processTicksAndRejections (internal/process/next_tick.js:81:5)","TypeError: Cannot read property 'checkItem' of undefined\n    at Object.checkItem (/Users/hunter/Repositories/Elevation/tests/mobx1-lesson-exercises/tests/spot-check-3/ex-1.test.js:28:39)\n    at Object.asyncJestTest (/Users/hunter/Repositories/Elevation/tests/mobx1-lesson-exercises/node_modules/jest-config/node_modules/jest-jasmine2/build/jasmineAsyncInstall.js:102:37)\n    at resolve (/Users/hunter/Repositories/Elevation/tests/mobx1-lesson-exercises/node_modules/jest-config/node_modules/jest-jasmine2/build/queueRunner.js:41:12)\n    at new Promise (<anonymous>)\n    at mapper (/Users/hunter/Repositories/Elevation/tests/mobx1-lesson-exercises/node_modules/jest-config/node_modules/jest-jasmine2/build/queueRunner.js:26:19)\n    at promise.then (/Users/hunter/Repositories/Elevation/tests/mobx1-lesson-exercises/node_modules/jest-config/node_modules/jest-jasmine2/build/queueRunner.js:71:41)\n    at processTicksAndRejections (internal/process/next_tick.js:81:5)"],"fullName":"exercise1 checkItem function should be a MobX action","location":null,"numPassingAsserts":0,"status":"failed","title":"checkItem function should be a MobX action"},{"ancestorTitles":["exercise1"],"duration":22,"failureMessages":["TypeError: _ShoppingList.default is not a constructor\n    at Object.<anonymous> (/Users/hunter/Repositories/Elevation/tests/mobx1-lesson-exercises/tests/spot-check-3/ex-1.test.js:13:23)\n    at Object.asyncJestLifecycle (/Users/hunter/Repositories/Elevation/tests/mobx1-lesson-exercises/node_modules/jest-config/node_modules/jest-jasmine2/build/jasmineAsyncInstall.js:53:37)\n    at resolve (/Users/hunter/Repositories/Elevation/tests/mobx1-lesson-exercises/node_modules/jest-config/node_modules/jest-jasmine2/build/queueRunner.js:41:12)\n    at new Promise (<anonymous>)\n    at mapper (/Users/hunter/Repositories/Elevation/tests/mobx1-lesson-exercises/node_modules/jest-config/node_modules/jest-jasmine2/build/queueRunner.js:26:19)\n    at promise.then (/Users/hunter/Repositories/Elevation/tests/mobx1-lesson-exercises/node_modules/jest-config/node_modules/jest-jasmine2/build/queueRunner.js:71:41)\n    at processTicksAndRejections (internal/process/next_tick.js:81:5)","Error: Method “hasClass” is meant to be run on 1 node. 0 found instead.\n    at ReactWrapper.single (/Users/hunter/Repositories/Elevation/tests/mobx1-lesson-exercises/node_modules/enzyme/build/ReactWrapper.js:1718:17)\n    at ReactWrapper.hasClass (/Users/hunter/Repositories/Elevation/tests/mobx1-lesson-exercises/node_modules/enzyme/build/ReactWrapper.js:1333:21)\n    at Object.hasClass (/Users/hunter/Repositories/Elevation/tests/mobx1-lesson-exercises/tests/spot-check-3/ex-1.test.js:33:72)\n    at Object.asyncJestTest (/Users/hunter/Repositories/Elevation/tests/mobx1-lesson-exercises/node_modules/jest-config/node_modules/jest-jasmine2/build/jasmineAsyncInstall.js:102:37)\n    at resolve (/Users/hunter/Repositories/Elevation/tests/mobx1-lesson-exercises/node_modules/jest-config/node_modules/jest-jasmine2/build/queueRunner.js:41:12)\n    at new Promise (<anonymous>)\n    at mapper (/Users/hunter/Repositories/Elevation/tests/mobx1-lesson-exercises/node_modules/jest-config/node_modules/jest-jasmine2/build/queueRunner.js:26:19)\n    at promise.then (/Users/hunter/Repositories/Elevation/tests/mobx1-lesson-exercises/node_modules/jest-config/node_modules/jest-jasmine2/build/queueRunner.js:71:41)\n    at processTicksAndRejections (internal/process/next_tick.js:81:5)"],"fullName":"exercise1 Your input should have an onClick which invokes the checkItem function","location":null,"numPassingAsserts":0,"status":"failed","title":"Your input should have an onClick which invokes the checkItem function"}],"sourceMaps":{},"skipped":false,"leaks":false},{"console":null,"failureMessage":"\u001b[1m\u001b[31m  \u001b[1m● \u001b[1mexercise1 › store should have an addItem function that adds a new Item to the stores list property\u001b[39m\u001b[22m\n\n    \u001b[2mexpect(\u001b[22m\u001b[31mreceived\u001b[39m\u001b[2m).\u001b[22mtoBeTruthy\u001b[2m()\u001b[22m\n\n    Received: \u001b[31mundefined\u001b[39m\n\u001b[2m\u001b[22m\n\u001b[2m    \u001b[0m \u001b[90m 15 | \u001b[39m        addItem(\u001b[32m\"test\"\u001b[39m)\u001b[0m\u001b[22m\n\u001b[2m    \u001b[0m \u001b[90m 16 | \u001b[39m        \u001b[36mconst\u001b[39m test \u001b[33m=\u001b[39m groceryList\u001b[33m.\u001b[39mlist\u001b[33m.\u001b[39mfind(i \u001b[33m=>\u001b[39m i\u001b[33m.\u001b[39mname \u001b[33m===\u001b[39m \u001b[32m\"test\"\u001b[39m)\u001b[0m\u001b[22m\n\u001b[2m    \u001b[0m\u001b[31m\u001b[1m>\u001b[2m\u001b[39m\u001b[90m 17 | \u001b[39m        expect(test)\u001b[33m.\u001b[39mtoBeTruthy()\u001b[0m\u001b[22m\n\u001b[2m    \u001b[0m \u001b[90m    | \u001b[39m                     \u001b[31m\u001b[1m^\u001b[2m\u001b[39m\u001b[0m\u001b[22m\n\u001b[2m    \u001b[0m \u001b[90m 18 | \u001b[39m    })\u001b[0m\u001b[22m\n\u001b[2m    \u001b[0m \u001b[90m 19 | \u001b[39m    it (\u001b[32m'addItem function should be a MobX action'\u001b[39m\u001b[33m,\u001b[39m () \u001b[33m=>\u001b[39m {\u001b[0m\u001b[22m\n\u001b[2m    \u001b[0m \u001b[90m 20 | \u001b[39m        \u001b[36mconst\u001b[39m addItem \u001b[33m=\u001b[39m groceryList\u001b[33m.\u001b[39maddItem\u001b[0m\u001b[22m\n\u001b[2m\u001b[22m\n\u001b[2m      \u001b[2mat Object.toBeTruthy (\u001b[2m\u001b[0m\u001b[36mtests/exercises/ex-1.test.js\u001b[39m\u001b[0m\u001b[2m:17:22)\u001b[2m\u001b[22m\n\n\u001b[1m\u001b[31m  \u001b[1m● \u001b[1mexercise1 › addItem function should be a MobX action\u001b[39m\u001b[22m\n\n    \u001b[2mexpect(\u001b[22m\u001b[31mreceived\u001b[39m\u001b[2m).\u001b[22mtoBeTruthy\u001b[2m()\u001b[22m\n\n    Received: \u001b[31mundefined\u001b[39m\n\u001b[2m\u001b[22m\n\u001b[2m    \u001b[0m \u001b[90m 19 | \u001b[39m    it (\u001b[32m'addItem function should be a MobX action'\u001b[39m\u001b[33m,\u001b[39m () \u001b[33m=>\u001b[39m {\u001b[0m\u001b[22m\n\u001b[2m    \u001b[0m \u001b[90m 20 | \u001b[39m        \u001b[36mconst\u001b[39m addItem \u001b[33m=\u001b[39m groceryList\u001b[33m.\u001b[39maddItem\u001b[0m\u001b[22m\n\u001b[2m    \u001b[0m\u001b[31m\u001b[1m>\u001b[2m\u001b[39m\u001b[90m 21 | \u001b[39m        expect(addItem\u001b[33m.\u001b[39misMobxAction)\u001b[33m.\u001b[39mtoBeTruthy()\u001b[0m\u001b[22m\n\u001b[2m    \u001b[0m \u001b[90m    | \u001b[39m                                     \u001b[31m\u001b[1m^\u001b[2m\u001b[39m\u001b[0m\u001b[22m\n\u001b[2m    \u001b[0m \u001b[90m 22 | \u001b[39m    })\u001b[0m\u001b[22m\n\u001b[2m    \u001b[0m \u001b[90m 23 | \u001b[39m})\u001b[0m\u001b[22m\n\u001b[2m\u001b[22m\n\u001b[2m      \u001b[2mat Object.toBeTruthy (\u001b[2m\u001b[0m\u001b[36mtests/exercises/ex-1.test.js\u001b[39m\u001b[0m\u001b[2m:21:38)\u001b[2m\u001b[22m\n","numFailingTests":2,"numPassingTests":0,"numPendingTests":0,"numTodoTests":0,"perfStats":{"end":1555760786831,"start":1555760786581},"snapshot":{"added":0,"fileDeleted":false,"matched":0,"unchecked":0,"unmatched":0,"updated":0,"uncheckedKeys":[]},"testFilePath":"/Users/hunter/Repositories/Elevation/tests/mobx1-lesson-exercises/tests/exercises/ex-1.test.js","testResults":[{"ancestorTitles":["exercise1"],"duration":11,"failureMessages":["Error: \u001b[2mexpect(\u001b[22m\u001b[31mreceived\u001b[39m\u001b[2m).\u001b[22mtoBeTruthy\u001b[2m()\u001b[22m\n\nReceived: \u001b[31mundefined\u001b[39m\n    at Object.toBeTruthy (/Users/hunter/Repositories/Elevation/tests/mobx1-lesson-exercises/tests/exercises/ex-1.test.js:17:22)\n    at Object.asyncJestTest (/Users/hunter/Repositories/Elevation/tests/mobx1-lesson-exercises/node_modules/jest-config/node_modules/jest-jasmine2/build/jasmineAsyncInstall.js:102:37)\n    at resolve (/Users/hunter/Repositories/Elevation/tests/mobx1-lesson-exercises/node_modules/jest-config/node_modules/jest-jasmine2/build/queueRunner.js:41:12)\n    at new Promise (<anonymous>)\n    at mapper (/Users/hunter/Repositories/Elevation/tests/mobx1-lesson-exercises/node_modules/jest-config/node_modules/jest-jasmine2/build/queueRunner.js:26:19)\n    at promise.then (/Users/hunter/Repositories/Elevation/tests/mobx1-lesson-exercises/node_modules/jest-config/node_modules/jest-jasmine2/build/queueRunner.js:71:41)\n    at processTicksAndRejections (internal/process/next_tick.js:81:5)"],"fullName":"exercise1 store should have an addItem function that adds a new Item to the stores list property","location":null,"numPassingAsserts":0,"status":"failed","title":"store should have an addItem function that adds a new Item to the stores list property"},{"ancestorTitles":["exercise1"],"duration":3,"failureMessages":["Error: \u001b[2mexpect(\u001b[22m\u001b[31mreceived\u001b[39m\u001b[2m).\u001b[22mtoBeTruthy\u001b[2m()\u001b[22m\n\nReceived: \u001b[31mundefined\u001b[39m\n    at Object.toBeTruthy (/Users/hunter/Repositories/Elevation/tests/mobx1-lesson-exercises/tests/exercises/ex-1.test.js:21:38)\n    at Object.asyncJestTest (/Users/hunter/Repositories/Elevation/tests/mobx1-lesson-exercises/node_modules/jest-config/node_modules/jest-jasmine2/build/jasmineAsyncInstall.js:102:37)\n    at resolve (/Users/hunter/Repositories/Elevation/tests/mobx1-lesson-exercises/node_modules/jest-config/node_modules/jest-jasmine2/build/queueRunner.js:41:12)\n    at new Promise (<anonymous>)\n    at mapper (/Users/hunter/Repositories/Elevation/tests/mobx1-lesson-exercises/node_modules/jest-config/node_modules/jest-jasmine2/build/queueRunner.js:26:19)\n    at promise.then (/Users/hunter/Repositories/Elevation/tests/mobx1-lesson-exercises/node_modules/jest-config/node_modules/jest-jasmine2/build/queueRunner.js:71:41)\n    at processTicksAndRejections (internal/process/next_tick.js:81:5)"],"fullName":"exercise1 addItem function should be a MobX action","location":null,"numPassingAsserts":0,"status":"failed","title":"addItem function should be a MobX action"}],"sourceMaps":{},"skipped":false,"leaks":false},{"console":null,"failureMessage":"\u001b[1m\u001b[31m  \u001b[1m● \u001b[1mexercise 3 › The store should have an editItem function that edits the location of a given item\u001b[39m\u001b[22m\n\n    TypeError: Cannot read property 'location' of undefined\n\u001b[2m\u001b[22m\n\u001b[2m    \u001b[0m \u001b[90m 16 | \u001b[39m        groceryList\u001b[33m.\u001b[39meditItem(\u001b[32m\"test\"\u001b[39m\u001b[33m,\u001b[39m \u001b[32m\"wonderland\"\u001b[39m)\u001b[0m\u001b[22m\n\u001b[2m    \u001b[0m \u001b[90m 17 | \u001b[39m        \u001b[36mconst\u001b[39m test \u001b[33m=\u001b[39m groceryList\u001b[33m.\u001b[39mlist\u001b[33m.\u001b[39mfind(i \u001b[33m=>\u001b[39m i\u001b[33m.\u001b[39mname \u001b[33m===\u001b[39m \u001b[32m\"test\"\u001b[39m)\u001b[0m\u001b[22m\n\u001b[2m    \u001b[0m\u001b[31m\u001b[1m>\u001b[2m\u001b[39m\u001b[90m 18 | \u001b[39m        expect(test\u001b[33m.\u001b[39mlocation)\u001b[33m.\u001b[39mtoBe(\u001b[32m\"wonderland\"\u001b[39m)\u001b[0m\u001b[22m\n\u001b[2m    \u001b[0m \u001b[90m    | \u001b[39m                    \u001b[31m\u001b[1m^\u001b[2m\u001b[39m\u001b[0m\u001b[22m\n\u001b[2m    \u001b[0m \u001b[90m 19 | \u001b[39m    })\u001b[0m\u001b[22m\n\u001b[2m    \u001b[0m \u001b[90m 20 | \u001b[39m    it (\u001b[32m'editItem function should be a MobX action'\u001b[39m\u001b[33m,\u001b[39m () \u001b[33m=>\u001b[39m {\u001b[0m\u001b[22m\n\u001b[2m    \u001b[0m \u001b[90m 21 | \u001b[39m        expect(groceryList\u001b[33m.\u001b[39meditItem\u001b[33m.\u001b[39misMobxAction)\u001b[33m.\u001b[39mtoBeTruthy()\u001b[0m\u001b[22m\n\u001b[2m\u001b[22m\n\u001b[2m      \u001b[2mat Object.location (\u001b[2m\u001b[0m\u001b[36mtests/exercises/ex-3.test.js\u001b[39m\u001b[0m\u001b[2m:18:21)\u001b[2m\u001b[22m\n\n\u001b[1m\u001b[31m  \u001b[1m● \u001b[1mexercise 3 › editItem function should be a MobX action\u001b[39m\u001b[22m\n\n    \u001b[2mexpect(\u001b[22m\u001b[31mreceived\u001b[39m\u001b[2m).\u001b[22mtoBeTruthy\u001b[2m()\u001b[22m\n\n    Received: \u001b[31mundefined\u001b[39m\n\u001b[2m\u001b[22m\n\u001b[2m    \u001b[0m \u001b[90m 19 | \u001b[39m    })\u001b[0m\u001b[22m\n\u001b[2m    \u001b[0m \u001b[90m 20 | \u001b[39m    it (\u001b[32m'editItem function should be a MobX action'\u001b[39m\u001b[33m,\u001b[39m () \u001b[33m=>\u001b[39m {\u001b[0m\u001b[22m\n\u001b[2m    \u001b[0m\u001b[31m\u001b[1m>\u001b[2m\u001b[39m\u001b[90m 21 | \u001b[39m        expect(groceryList\u001b[33m.\u001b[39meditItem\u001b[33m.\u001b[39misMobxAction)\u001b[33m.\u001b[39mtoBeTruthy()\u001b[0m\u001b[22m\n\u001b[2m    \u001b[0m \u001b[90m    | \u001b[39m                                                  \u001b[31m\u001b[1m^\u001b[2m\u001b[39m\u001b[0m\u001b[22m\n\u001b[2m    \u001b[0m \u001b[90m 22 | \u001b[39m    })\u001b[0m\u001b[22m\n\u001b[2m    \u001b[0m \u001b[90m 23 | \u001b[39m    it(\u001b[32m'Edit button should be rendered per each list item and work on click'\u001b[39m\u001b[33m,\u001b[39m () \u001b[33m=>\u001b[39m {\u001b[0m\u001b[22m\n\u001b[2m    \u001b[0m \u001b[90m 24 | \u001b[39m        \u001b[36mconst\u001b[39m wrapper \u001b[33m=\u001b[39m mount(\u001b[33m<\u001b[39m\u001b[33mApp\u001b[39m store \u001b[33m=\u001b[39m {groceryList}\u001b[33m/\u001b[39m\u001b[33m>\u001b[39m)\u001b[0m\u001b[22m\n\u001b[2m\u001b[22m\n\u001b[2m      \u001b[2mat Object.toBeTruthy (\u001b[2m\u001b[0m\u001b[36mtests/exercises/ex-3.test.js\u001b[39m\u001b[0m\u001b[2m:21:51)\u001b[2m\u001b[22m\n\n\u001b[1m\u001b[31m  \u001b[1m● \u001b[1mexercise 3 › Edit button should be rendered per each list item and work on click\u001b[39m\u001b[22m\n\n    Method “props” is meant to be run on 1 node. 0 found instead.\n\u001b[2m\u001b[22m\n\u001b[2m    \u001b[0m \u001b[90m 23 | \u001b[39m    it(\u001b[32m'Edit button should be rendered per each list item and work on click'\u001b[39m\u001b[33m,\u001b[39m () \u001b[33m=>\u001b[39m {\u001b[0m\u001b[22m\n\u001b[2m    \u001b[0m \u001b[90m 24 | \u001b[39m        \u001b[36mconst\u001b[39m wrapper \u001b[33m=\u001b[39m mount(\u001b[33m<\u001b[39m\u001b[33mApp\u001b[39m store \u001b[33m=\u001b[39m {groceryList}\u001b[33m/\u001b[39m\u001b[33m>\u001b[39m)\u001b[0m\u001b[22m\n\u001b[2m    \u001b[0m\u001b[31m\u001b[1m>\u001b[2m\u001b[39m\u001b[90m 25 | \u001b[39m        let onClick \u001b[33m=\u001b[39m wrapper\u001b[33m.\u001b[39mfind(\u001b[32m'.editButton'\u001b[39m)\u001b[33m.\u001b[39mfirst()\u001b[33m.\u001b[39mprop(\u001b[32m'onClick'\u001b[39m)\u001b[0m\u001b[22m\n\u001b[2m    \u001b[0m \u001b[90m    | \u001b[39m                                                          \u001b[31m\u001b[1m^\u001b[2m\u001b[39m\u001b[0m\u001b[22m\n\u001b[2m    \u001b[0m \u001b[90m 26 | \u001b[39m        expect(onClick)\u001b[33m.\u001b[39mtoBeDefined()\u001b[0m\u001b[22m\n\u001b[2m    \u001b[0m \u001b[90m 27 | \u001b[39m    })\u001b[0m\u001b[22m\n\u001b[2m    \u001b[0m \u001b[90m 28 | \u001b[39m})\u001b[0m\u001b[22m\n\u001b[2m\u001b[22m\n\u001b[2m      \u001b[2mat ReactWrapper.single (\u001b[2mnode_modules/enzyme/build/ReactWrapper.js\u001b[2m:1718:17)\u001b[2m\u001b[22m\n\u001b[2m      \u001b[2mat ReactWrapper.props (\u001b[2mnode_modules/enzyme/build/ReactWrapper.js\u001b[2m:1013:21)\u001b[2m\u001b[22m\n\u001b[2m      \u001b[2mat ReactWrapper.prop (\u001b[2mnode_modules/enzyme/build/ReactWrapper.js\u001b[2m:1207:21)\u001b[2m\u001b[22m\n\u001b[2m      \u001b[2mat Object.prop (\u001b[2m\u001b[0m\u001b[36mtests/exercises/ex-3.test.js\u001b[39m\u001b[0m\u001b[2m:25:59)\u001b[2m\u001b[22m\n","numFailingTests":3,"numPassingTests":0,"numPendingTests":0,"numTodoTests":0,"perfStats":{"end":1555760786841,"start":1555760786563},"snapshot":{"added":0,"fileDeleted":false,"matched":0,"unchecked":0,"unmatched":0,"updated":0,"uncheckedKeys":[]},"testFilePath":"/Users/hunter/Repositories/Elevation/tests/mobx1-lesson-exercises/tests/exercises/ex-3.test.js","testResults":[{"ancestorTitles":["exercise 3"],"duration":0,"failureMessages":["TypeError: Cannot read property 'location' of undefined\n    at Object.location (/Users/hunter/Repositories/Elevation/tests/mobx1-lesson-exercises/tests/exercises/ex-3.test.js:18:21)\n    at Object.asyncJestTest (/Users/hunter/Repositories/Elevation/tests/mobx1-lesson-exercises/node_modules/jest-config/node_modules/jest-jasmine2/build/jasmineAsyncInstall.js:102:37)\n    at resolve (/Users/hunter/Repositories/Elevation/tests/mobx1-lesson-exercises/node_modules/jest-config/node_modules/jest-jasmine2/build/queueRunner.js:41:12)\n    at new Promise (<anonymous>)\n    at mapper (/Users/hunter/Repositories/Elevation/tests/mobx1-lesson-exercises/node_modules/jest-config/node_modules/jest-jasmine2/build/queueRunner.js:26:19)\n    at promise.then (/Users/hunter/Repositories/Elevation/tests/mobx1-lesson-exercises/node_modules/jest-config/node_modules/jest-jasmine2/build/queueRunner.js:71:41)\n    at processTicksAndRejections (internal/process/next_tick.js:81:5)"],"fullName":"exercise 3 The store should have an editItem function that edits the location of a given item","location":null,"numPassingAsserts":0,"status":"failed","title":"The store should have an editItem function that edits the location of a given item"},{"ancestorTitles":["exercise 3"],"duration":3,"failureMessages":["Error: \u001b[2mexpect(\u001b[22m\u001b[31mreceived\u001b[39m\u001b[2m).\u001b[22mtoBeTruthy\u001b[2m()\u001b[22m\n\nReceived: \u001b[31mundefined\u001b[39m\n    at Object.toBeTruthy (/Users/hunter/Repositories/Elevation/tests/mobx1-lesson-exercises/tests/exercises/ex-3.test.js:21:51)\n    at Object.asyncJestTest (/Users/hunter/Repositories/Elevation/tests/mobx1-lesson-exercises/node_modules/jest-config/node_modules/jest-jasmine2/build/jasmineAsyncInstall.js:102:37)\n    at resolve (/Users/hunter/Repositories/Elevation/tests/mobx1-lesson-exercises/node_modules/jest-config/node_modules/jest-jasmine2/build/queueRunner.js:41:12)\n    at new Promise (<anonymous>)\n    at mapper (/Users/hunter/Repositories/Elevation/tests/mobx1-lesson-exercises/node_modules/jest-config/node_modules/jest-jasmine2/build/queueRunner.js:26:19)\n    at promise.then (/Users/hunter/Repositories/Elevation/tests/mobx1-lesson-exercises/node_modules/jest-config/node_modules/jest-jasmine2/build/queueRunner.js:71:41)\n    at processTicksAndRejections (internal/process/next_tick.js:81:5)"],"fullName":"exercise 3 editItem function should be a MobX action","location":null,"numPassingAsserts":0,"status":"failed","title":"editItem function should be a MobX action"},{"ancestorTitles":["exercise 3"],"duration":12,"failureMessages":["Error: Method “props” is meant to be run on 1 node. 0 found instead.\n    at ReactWrapper.single (/Users/hunter/Repositories/Elevation/tests/mobx1-lesson-exercises/node_modules/enzyme/build/ReactWrapper.js:1718:17)\n    at ReactWrapper.props (/Users/hunter/Repositories/Elevation/tests/mobx1-lesson-exercises/node_modules/enzyme/build/ReactWrapper.js:1013:21)\n    at ReactWrapper.prop (/Users/hunter/Repositories/Elevation/tests/mobx1-lesson-exercises/node_modules/enzyme/build/ReactWrapper.js:1207:21)\n    at Object.prop (/Users/hunter/Repositories/Elevation/tests/mobx1-lesson-exercises/tests/exercises/ex-3.test.js:25:59)\n    at Object.asyncJestTest (/Users/hunter/Repositories/Elevation/tests/mobx1-lesson-exercises/node_modules/jest-config/node_modules/jest-jasmine2/build/jasmineAsyncInstall.js:102:37)\n    at resolve (/Users/hunter/Repositories/Elevation/tests/mobx1-lesson-exercises/node_modules/jest-config/node_modules/jest-jasmine2/build/queueRunner.js:41:12)\n    at new Promise (<anonymous>)\n    at mapper (/Users/hunter/Repositories/Elevation/tests/mobx1-lesson-exercises/node_modules/jest-config/node_modules/jest-jasmine2/build/queueRunner.js:26:19)\n    at promise.then (/Users/hunter/Repositories/Elevation/tests/mobx1-lesson-exercises/node_modules/jest-config/node_modules/jest-jasmine2/build/queueRunner.js:71:41)\n    at processTicksAndRejections (internal/process/next_tick.js:81:5)"],"fullName":"exercise 3 Edit button should be rendered per each list item and work on click","location":null,"numPassingAsserts":0,"status":"failed","title":"Edit button should be rendered per each list item and work on click"}],"sourceMaps":{},"skipped":false,"leaks":false},{"console":null,"failureMessage":"\u001b[1m\u001b[31m  \u001b[1m● \u001b[1mexercise 2 › Each item should have a location property\u001b[39m\u001b[22m\n\n    \u001b[2mexpect(\u001b[22m\u001b[31mreceived\u001b[39m\u001b[2m)[.not].toBeGreaterThan(\u001b[22m\u001b[32mexpected\u001b[39m\u001b[2m)\u001b[22m\n\n    \u001b[1mMatcher error\u001b[22m: \u001b[31mreceived\u001b[39m value must be a number\n\n    Received has value: \u001b[31mundefined\u001b[39m\n\u001b[2m\u001b[22m\n\u001b[2m    \u001b[0m \u001b[90m 16 | \u001b[39m    })\u001b[0m\u001b[22m\n\u001b[2m    \u001b[0m \u001b[90m 17 | \u001b[39m    it(\u001b[32m'Each item should have a location property'\u001b[39m\u001b[33m,\u001b[39m () \u001b[33m=>\u001b[39m {\u001b[0m\u001b[22m\n\u001b[2m    \u001b[0m\u001b[31m\u001b[1m>\u001b[2m\u001b[39m\u001b[90m 18 | \u001b[39m        expect(groceryList\u001b[33m.\u001b[39mlength)\u001b[33m.\u001b[39mtoBeGreaterThan(\u001b[35m0\u001b[39m)\u001b[0m\u001b[22m\n\u001b[2m    \u001b[0m \u001b[90m    | \u001b[39m                                   \u001b[31m\u001b[1m^\u001b[2m\u001b[39m\u001b[0m\u001b[22m\n\u001b[2m    \u001b[0m \u001b[90m 19 | \u001b[39m        groceryList\u001b[33m.\u001b[39mlist\u001b[33m.\u001b[39mforEach(i \u001b[33m=>\u001b[39m {\u001b[0m\u001b[22m\n\u001b[2m    \u001b[0m \u001b[90m 20 | \u001b[39m            expect(i\u001b[33m.\u001b[39mlocation)\u001b[33m.\u001b[39mtoBeTruthy()\u001b[0m\u001b[22m\n\u001b[2m    \u001b[0m \u001b[90m 21 | \u001b[39m            expect(isObservableProp(i\u001b[33m,\u001b[39m \u001b[32m\"location\"\u001b[39m)\u001b[33m,\u001b[39m \u001b[32m'The location property should be observable'\u001b[39m)\u001b[33m.\u001b[39mtoBeTruthy()\u001b[0m\u001b[22m\n\u001b[2m\u001b[22m\n\u001b[2m      \u001b[2mat Object.newMatcher [as toBeGreaterThan] (\u001b[2mnode_modules/jest-expect-message/dist/withMessage.js\u001b[2m:23:14)\u001b[2m\u001b[22m\n\u001b[2m      \u001b[2mat Object.toBeGreaterThan (\u001b[2m\u001b[0m\u001b[36mtests/exercises/ex-2.test.js\u001b[39m\u001b[0m\u001b[2m:18:36)\u001b[2m\u001b[22m\n\n\u001b[1m\u001b[31m  \u001b[1m● \u001b[1mexercise 2 › The location property should have a default value of \"Super Sell\"\u001b[39m\u001b[22m\n\n    TypeError: Cannot read property 'location' of undefined\n\u001b[2m\u001b[22m\n\u001b[2m    \u001b[0m \u001b[90m 24 | \u001b[39m    it(\u001b[32m'The location property should have a default value of \"Super Sell\"'\u001b[39m\u001b[33m,\u001b[39m () \u001b[33m=>\u001b[39m {\u001b[0m\u001b[22m\n\u001b[2m    \u001b[0m \u001b[90m 25 | \u001b[39m        let test \u001b[33m=\u001b[39m groceryList\u001b[33m.\u001b[39mlist\u001b[33m.\u001b[39mfind(i \u001b[33m=>\u001b[39m i\u001b[33m.\u001b[39mname \u001b[33m===\u001b[39m \u001b[32m\"test\"\u001b[39m)\u001b[0m\u001b[22m\n\u001b[2m    \u001b[0m\u001b[31m\u001b[1m>\u001b[2m\u001b[39m\u001b[90m 26 | \u001b[39m        expect(test\u001b[33m.\u001b[39mlocation)\u001b[33m.\u001b[39mtoBe(\u001b[32m\"Super Sell\"\u001b[39m)\u001b[0m\u001b[22m\n\u001b[2m    \u001b[0m \u001b[90m    | \u001b[39m                    \u001b[31m\u001b[1m^\u001b[2m\u001b[39m\u001b[0m\u001b[22m\n\u001b[2m    \u001b[0m \u001b[90m 27 | \u001b[39m    })\u001b[0m\u001b[22m\n\u001b[2m    \u001b[0m \u001b[90m 28 | \u001b[39m    it(\u001b[32m'the location should be rendered next to each item'\u001b[39m\u001b[33m,\u001b[39m () \u001b[33m=>\u001b[39m {\u001b[0m\u001b[22m\n\u001b[2m    \u001b[0m \u001b[90m 29 | \u001b[39m        \u001b[36mconst\u001b[39m wrapper \u001b[33m=\u001b[39m render(\u001b[33m<\u001b[39m\u001b[33mApp\u001b[39m store \u001b[33m=\u001b[39m {groceryList}\u001b[33m/\u001b[39m\u001b[33m>\u001b[39m)\u001b[0m\u001b[22m\n\u001b[2m\u001b[22m\n\u001b[2m      \u001b[2mat Object.location (\u001b[2m\u001b[0m\u001b[36mtests/exercises/ex-2.test.js\u001b[39m\u001b[0m\u001b[2m:26:21)\u001b[2m\u001b[22m\n\n\u001b[1m\u001b[31m  \u001b[1m● \u001b[1mexercise 2 › the location should be rendered next to each item\u001b[39m\u001b[22m\n\n    \u001b[2mexpect(\u001b[22m\u001b[31mreceived\u001b[39m\u001b[2m).\u001b[22mtoBeTruthy\u001b[2m()\u001b[22m\n\n    Received: \u001b[31mnull\u001b[39m\n\u001b[2m\u001b[22m\n\u001b[2m    \u001b[0m \u001b[90m 30 | \u001b[39m        let location \u001b[33m=\u001b[39m wrapper\u001b[33m.\u001b[39mfind(\u001b[32m'.location'\u001b[39m)\u001b[33m.\u001b[39mfirst()\u001b[33m.\u001b[39mhtml()\u001b[0m\u001b[22m\n\u001b[2m    \u001b[0m \u001b[90m 31 | \u001b[39m        console\u001b[33m.\u001b[39mlog(location)\u001b[0m\u001b[22m\n\u001b[2m    \u001b[0m\u001b[31m\u001b[1m>\u001b[2m\u001b[39m\u001b[90m 32 | \u001b[39m        expect(location)\u001b[33m.\u001b[39mtoBeTruthy()\u001b[0m\u001b[22m\n\u001b[2m    \u001b[0m \u001b[90m    | \u001b[39m                         \u001b[31m\u001b[1m^\u001b[2m\u001b[39m\u001b[0m\u001b[22m\n\u001b[2m    \u001b[0m \u001b[90m 33 | \u001b[39m    })\u001b[0m\u001b[22m\n\u001b[2m    \u001b[0m \u001b[90m 34 | \u001b[39m})\u001b[0m\u001b[22m\n\u001b[2m\u001b[22m\n\u001b[2m      \u001b[2mat Object.toBeTruthy (\u001b[2m\u001b[0m\u001b[36mtests/exercises/ex-2.test.js\u001b[39m\u001b[0m\u001b[2m:32:26)\u001b[2m\u001b[22m\n","numFailingTests":3,"numPassingTests":0,"numPendingTests":0,"numTodoTests":0,"perfStats":{"end":1555760786967,"start":1555760785177},"snapshot":{"added":0,"fileDeleted":false,"matched":0,"unchecked":0,"unmatched":0,"updated":0,"uncheckedKeys":[]},"testFilePath":"/Users/hunter/Repositories/Elevation/tests/mobx1-lesson-exercises/tests/exercises/ex-2.test.js","testResults":[{"ancestorTitles":["exercise 2"],"duration":7,"failureMessages":["Error: \u001b[2mexpect(\u001b[22m\u001b[31mreceived\u001b[39m\u001b[2m)[.not].toBeGreaterThan(\u001b[22m\u001b[32mexpected\u001b[39m\u001b[2m)\u001b[22m\n\n\u001b[1mMatcher error\u001b[22m: \u001b[31mreceived\u001b[39m value must be a number\n\nReceived has value: \u001b[31mundefined\u001b[39m\n    at Object.newMatcher [as toBeGreaterThan] (/Users/hunter/Repositories/Elevation/tests/mobx1-lesson-exercises/node_modules/jest-expect-message/dist/withMessage.js:23:14)\n    at Object.toBeGreaterThan (/Users/hunter/Repositories/Elevation/tests/mobx1-lesson-exercises/tests/exercises/ex-2.test.js:18:36)\n    at Object.asyncJestTest (/Users/hunter/Repositories/Elevation/tests/mobx1-lesson-exercises/node_modules/jest-config/node_modules/jest-jasmine2/build/jasmineAsyncInstall.js:102:37)\n    at resolve (/Users/hunter/Repositories/Elevation/tests/mobx1-lesson-exercises/node_modules/jest-config/node_modules/jest-jasmine2/build/queueRunner.js:41:12)\n    at new Promise (<anonymous>)\n    at mapper (/Users/hunter/Repositories/Elevation/tests/mobx1-lesson-exercises/node_modules/jest-config/node_modules/jest-jasmine2/build/queueRunner.js:26:19)\n    at promise.then (/Users/hunter/Repositories/Elevation/tests/mobx1-lesson-exercises/node_modules/jest-config/node_modules/jest-jasmine2/build/queueRunner.js:71:41)\n    at processTicksAndRejections (internal/process/next_tick.js:81:5)"],"fullName":"exercise 2 Each item should have a location property","location":null,"numPassingAsserts":0,"status":"failed","title":"Each item should have a location property"},{"ancestorTitles":["exercise 2"],"duration":3,"failureMessages":["TypeError: Cannot read property 'location' of undefined\n    at Object.location (/Users/hunter/Repositories/Elevation/tests/mobx1-lesson-exercises/tests/exercises/ex-2.test.js:26:21)\n    at Object.asyncJestTest (/Users/hunter/Repositories/Elevation/tests/mobx1-lesson-exercises/node_modules/jest-config/node_modules/jest-jasmine2/build/jasmineAsyncInstall.js:102:37)\n    at resolve (/Users/hunter/Repositories/Elevation/tests/mobx1-lesson-exercises/node_modules/jest-config/node_modules/jest-jasmine2/build/queueRunner.js:41:12)\n    at new Promise (<anonymous>)\n    at mapper (/Users/hunter/Repositories/Elevation/tests/mobx1-lesson-exercises/node_modules/jest-config/node_modules/jest-jasmine2/build/queueRunner.js:26:19)\n    at promise.then (/Users/hunter/Repositories/Elevation/tests/mobx1-lesson-exercises/node_modules/jest-config/node_modules/jest-jasmine2/build/queueRunner.js:71:41)\n    at processTicksAndRejections (internal/process/next_tick.js:81:5)"],"fullName":"exercise 2 The location property should have a default value of \"Super Sell\"","location":null,"numPassingAsserts":0,"status":"failed","title":"The location property should have a default value of \"Super Sell\""},{"ancestorTitles":["exercise 2"],"duration":28,"failureMessages":["Error: \u001b[2mexpect(\u001b[22m\u001b[31mreceived\u001b[39m\u001b[2m).\u001b[22mtoBeTruthy\u001b[2m()\u001b[22m\n\nReceived: \u001b[31mnull\u001b[39m\n    at Object.toBeTruthy (/Users/hunter/Repositories/Elevation/tests/mobx1-lesson-exercises/tests/exercises/ex-2.test.js:32:26)\n    at Object.asyncJestTest (/Users/hunter/Repositories/Elevation/tests/mobx1-lesson-exercises/node_modules/jest-config/node_modules/jest-jasmine2/build/jasmineAsyncInstall.js:102:37)\n    at resolve (/Users/hunter/Repositories/Elevation/tests/mobx1-lesson-exercises/node_modules/jest-config/node_modules/jest-jasmine2/build/queueRunner.js:41:12)\n    at new Promise (<anonymous>)\n    at mapper (/Users/hunter/Repositories/Elevation/tests/mobx1-lesson-exercises/node_modules/jest-config/node_modules/jest-jasmine2/build/queueRunner.js:26:19)\n    at promise.then (/Users/hunter/Repositories/Elevation/tests/mobx1-lesson-exercises/node_modules/jest-config/node_modules/jest-jasmine2/build/queueRunner.js:71:41)\n    at processTicksAndRejections (internal/process/next_tick.js:81:5)"],"fullName":"exercise 2 the location should be rendered next to each item","location":null,"numPassingAsserts":0,"status":"failed","title":"the location should be rendered next to each item"}],"sourceMaps":{},"skipped":false,"leaks":false},{"console":null,"failureMessage":"\u001b[1m\u001b[31m  \u001b[1m● \u001b[1mexercise1 › groceryList class store should have an observable property \"list\"\u001b[39m\u001b[22m\n\n    Custom message:\n      You should have exported a class groceryList\n\n    \u001b[2mexpect(\u001b[22m\u001b[31mreceived\u001b[39m\u001b[2m).\u001b[22mtoBeDefined\u001b[2m()\u001b[22m\n\n    Received: \u001b[31mundefined\u001b[39m\n\u001b[2m\u001b[22m\n\u001b[2m    \u001b[0m \u001b[90m  9 | \u001b[39m    it (\u001b[32m'groceryList class store should have an observable property \"list\"'\u001b[39m\u001b[33m,\u001b[39m () \u001b[33m=>\u001b[39m {\u001b[0m\u001b[22m\n\u001b[2m    \u001b[0m \u001b[90m 10 | \u001b[39m        \u001b[36mconst\u001b[39m store \u001b[33m=\u001b[39m \u001b[33mShoppingList\u001b[39m\u001b[33m;\u001b[39m\u001b[0m\u001b[22m\n\u001b[2m    \u001b[0m\u001b[31m\u001b[1m>\u001b[2m\u001b[39m\u001b[90m 11 | \u001b[39m        expect(store\u001b[33m,\u001b[39m \u001b[32m\"You should have exported a class groceryList\"\u001b[39m)\u001b[33m.\u001b[39mtoBeDefined()\u001b[0m\u001b[22m\n\u001b[2m    \u001b[0m \u001b[90m    | \u001b[39m                                                                      \u001b[31m\u001b[1m^\u001b[2m\u001b[39m\u001b[0m\u001b[22m\n\u001b[2m    \u001b[0m \u001b[90m 12 | \u001b[39m        expect(isObservable(store\u001b[33m.\u001b[39mlist)\u001b[33m,\u001b[39m \u001b[32m\"the list property should be observable\"\u001b[39m)\u001b[33m.\u001b[39mtoBeTruthy()\u001b[0m\u001b[22m\n\u001b[2m    \u001b[0m \u001b[90m 13 | \u001b[39m    })\u001b[0m\u001b[22m\n\u001b[2m    \u001b[0m \u001b[90m 14 | \u001b[39m})\u001b[0m\u001b[22m\n\u001b[2m\u001b[22m\n\u001b[2m      \u001b[2mat Object.toBeDefined (\u001b[2m\u001b[0m\u001b[36mtests/spot-check-1/ex-1.test.js\u001b[39m\u001b[0m\u001b[2m:11:71)\u001b[2m\u001b[22m\n","numFailingTests":1,"numPassingTests":0,"numPendingTests":0,"numTodoTests":0,"perfStats":{"end":1555760787108,"start":1555760786851},"snapshot":{"added":0,"fileDeleted":false,"matched":0,"unchecked":0,"unmatched":0,"updated":0,"uncheckedKeys":[]},"testFilePath":"/Users/hunter/Repositories/Elevation/tests/mobx1-lesson-exercises/tests/spot-check-1/ex-1.test.js","testResults":[{"ancestorTitles":["exercise1"],"duration":4,"failureMessages":["Error: Custom message:\n  You should have exported a class groceryList\n\n\u001b[2mexpect(\u001b[22m\u001b[31mreceived\u001b[39m\u001b[2m).\u001b[22mtoBeDefined\u001b[2m()\u001b[22m\n\nReceived: \u001b[31mundefined\u001b[39m\n    at Object.toBeDefined (/Users/hunter/Repositories/Elevation/tests/mobx1-lesson-exercises/tests/spot-check-1/ex-1.test.js:11:71)\n    at Object.asyncJestTest (/Users/hunter/Repositories/Elevation/tests/mobx1-lesson-exercises/node_modules/jest-config/node_modules/jest-jasmine2/build/jasmineAsyncInstall.js:102:37)\n    at resolve (/Users/hunter/Repositories/Elevation/tests/mobx1-lesson-exercises/node_modules/jest-config/node_modules/jest-jasmine2/build/queueRunner.js:41:12)\n    at new Promise (<anonymous>)\n    at mapper (/Users/hunter/Repositories/Elevation/tests/mobx1-lesson-exercises/node_modules/jest-config/node_modules/jest-jasmine2/build/queueRunner.js:26:19)\n    at promise.then (/Users/hunter/Repositories/Elevation/tests/mobx1-lesson-exercises/node_modules/jest-config/node_modules/jest-jasmine2/build/queueRunner.js:71:41)\n    at processTicksAndRejections (internal/process/next_tick.js:81:5)"],"fullName":"exercise1 groceryList class store should have an observable property \"list\"","location":null,"numPassingAsserts":0,"status":"failed","title":"groceryList class store should have an observable property \"list\""}],"sourceMaps":{},"skipped":false,"leaks":false},{"console":null,"displayName":"","failureMessage":"  \u001b[1m● \u001b[22mTest suite failed to run\n\n    Cannot find module './stores/groceryStore' from 'App.test.js'\n\n    \u001b[0m \u001b[90m  9 | \u001b[39m  \u001b[33mReactDOM\u001b[39m\u001b[33m.\u001b[39munmountComponentAtNode(div)\u001b[33m;\u001b[39m\u001b[0m\n    \u001b[0m \u001b[90m 10 | \u001b[39m})\u001b[33m;\u001b[39m\u001b[0m\n    \u001b[0m\u001b[31m\u001b[1m>\u001b[22m\u001b[39m\u001b[90m 11 | \u001b[39m\u001b[0m\n    \u001b[0m \u001b[90m    | \u001b[39m\u001b[31m\u001b[1m^\u001b[22m\u001b[39m\u001b[0m\n\n      \u001b[2mat Resolver.resolveModule (\u001b[22mnode_modules/jest-resolve/build/index.js\u001b[2m:203:17)\u001b[22m\n      \u001b[2mat Object.<anonymous> (\u001b[22m\u001b[0m\u001b[36msrc/App.test.js\u001b[39m\u001b[0m\u001b[2m:11:44)\u001b[22m\n","leaks":false,"numFailingTests":0,"numPassingTests":0,"numPendingTests":0,"numTodoTests":0,"openHandles":[],"perfStats":{"end":0,"start":0},"skipped":false,"snapshot":{"added":0,"fileDeleted":false,"matched":0,"unchecked":0,"uncheckedKeys":[],"unmatched":0,"updated":0},"sourceMaps":{},"testExecError":"Cannot find module './stores/groceryStore' from 'App.test.js'","testFilePath":"/Users/hunter/Repositories/Elevation/tests/mobx1-lesson-exercises/src/App.test.js","testResults":[]},{"console":null,"failureMessage":"\u001b[1m\u001b[31m  \u001b[1m● \u001b[1mexercise1 › Application should render without crashing\u001b[39m\u001b[22m\n\n    TypeError: _ShoppingList.default is not a constructor\n\u001b[2m\u001b[22m\n\u001b[2m    \u001b[0m \u001b[90m 11 | \u001b[39mdescribe(\u001b[32m\"exercise1\"\u001b[39m\u001b[33m,\u001b[39m () \u001b[33m=>\u001b[39m {\u001b[0m\u001b[22m\n\u001b[2m    \u001b[0m \u001b[90m 12 | \u001b[39m    beforeAll(()\u001b[33m=>\u001b[39m {\u001b[0m\u001b[22m\n\u001b[2m    \u001b[0m\u001b[31m\u001b[1m>\u001b[2m\u001b[39m\u001b[90m 13 | \u001b[39m        groceryList \u001b[33m=\u001b[39m \u001b[36mnew\u001b[39m \u001b[33mShoppingList\u001b[39m()\u001b[0m\u001b[22m\n\u001b[2m    \u001b[0m \u001b[90m    | \u001b[39m                      \u001b[31m\u001b[1m^\u001b[2m\u001b[39m\u001b[0m\u001b[22m\n\u001b[2m    \u001b[0m \u001b[90m 14 | \u001b[39m    })\u001b[0m\u001b[22m\n\u001b[2m    \u001b[0m \u001b[90m 15 | \u001b[39m    it(\u001b[32m'Application should render without crashing'\u001b[39m\u001b[33m,\u001b[39m () \u001b[33m=>\u001b[39m {\u001b[0m\u001b[22m\n\u001b[2m    \u001b[0m \u001b[90m 16 | \u001b[39m        \u001b[36mconst\u001b[39m div \u001b[33m=\u001b[39m document\u001b[33m.\u001b[39mcreateElement(\u001b[32m'div'\u001b[39m)\u001b[33m;\u001b[39m\u001b[0m\u001b[22m\n\u001b[2m\u001b[22m\n\u001b[2m      \u001b[2mat Object.<anonymous> (\u001b[2m\u001b[0m\u001b[36mtests/spot-check-2/ex-1.test.js\u001b[39m\u001b[0m\u001b[2m:13:23)\u001b[2m\u001b[22m\n\n\u001b[1m\u001b[31m  \u001b[1m● \u001b[1mexercise1 › App is reading the mobx store list property\u001b[39m\u001b[22m\n\n    TypeError: _ShoppingList.default is not a constructor\n\u001b[2m\u001b[22m\n\u001b[2m    \u001b[0m \u001b[90m 11 | \u001b[39mdescribe(\u001b[32m\"exercise1\"\u001b[39m\u001b[33m,\u001b[39m () \u001b[33m=>\u001b[39m {\u001b[0m\u001b[22m\n\u001b[2m    \u001b[0m \u001b[90m 12 | \u001b[39m    beforeAll(()\u001b[33m=>\u001b[39m {\u001b[0m\u001b[22m\n\u001b[2m    \u001b[0m\u001b[31m\u001b[1m>\u001b[2m\u001b[39m\u001b[90m 13 | \u001b[39m        groceryList \u001b[33m=\u001b[39m \u001b[36mnew\u001b[39m \u001b[33mShoppingList\u001b[39m()\u001b[0m\u001b[22m\n\u001b[2m    \u001b[0m \u001b[90m    | \u001b[39m                      \u001b[31m\u001b[1m^\u001b[2m\u001b[39m\u001b[0m\u001b[22m\n\u001b[2m    \u001b[0m \u001b[90m 14 | \u001b[39m    })\u001b[0m\u001b[22m\n\u001b[2m    \u001b[0m \u001b[90m 15 | \u001b[39m    it(\u001b[32m'Application should render without crashing'\u001b[39m\u001b[33m,\u001b[39m () \u001b[33m=>\u001b[39m {\u001b[0m\u001b[22m\n\u001b[2m    \u001b[0m \u001b[90m 16 | \u001b[39m        \u001b[36mconst\u001b[39m div \u001b[33m=\u001b[39m document\u001b[33m.\u001b[39mcreateElement(\u001b[32m'div'\u001b[39m)\u001b[33m;\u001b[39m\u001b[0m\u001b[22m\n\u001b[2m\u001b[22m\n\u001b[2m      \u001b[2mat Object.<anonymous> (\u001b[2m\u001b[0m\u001b[36mtests/spot-check-2/ex-1.test.js\u001b[39m\u001b[0m\u001b[2m:13:23)\u001b[2m\u001b[22m\n\n\u001b[1m\u001b[31m  \u001b[1m● \u001b[1mexercise1 › App is reading the mobx store list property\u001b[39m\u001b[22m\n\n    TypeError: Cannot read property 'list' of undefined\n\u001b[2m\u001b[22m\n\u001b[2m    \u001b[0m \u001b[90m 22 | \u001b[39m        \u001b[36mconst\u001b[39m wrapper \u001b[33m=\u001b[39m mount(\u001b[33m<\u001b[39m\u001b[33mApp\u001b[39m store \u001b[33m=\u001b[39m{groceryList}\u001b[33m/\u001b[39m\u001b[33m>\u001b[39m)\u001b[33m;\u001b[39m\u001b[0m\u001b[22m\n\u001b[2m    \u001b[0m \u001b[90m 23 | \u001b[39m        console\u001b[33m.\u001b[39mlog(wrapper\u001b[33m.\u001b[39mprops)\u001b[0m\u001b[22m\n\u001b[2m    \u001b[0m\u001b[31m\u001b[1m>\u001b[2m\u001b[39m\u001b[90m 24 | \u001b[39m        expect(wrapper\u001b[33m.\u001b[39mprops()\u001b[33m.\u001b[39mstore\u001b[33m.\u001b[39mlist)\u001b[33m.\u001b[39mtoBeDefined()\u001b[33m;\u001b[39m\u001b[0m\u001b[22m\n\u001b[2m    \u001b[0m \u001b[90m    | \u001b[39m               \u001b[31m\u001b[1m^\u001b[2m\u001b[39m\u001b[0m\u001b[22m\n\u001b[2m    \u001b[0m \u001b[90m 25 | \u001b[39m    })\u001b[33m;\u001b[39m\u001b[0m\u001b[22m\n\u001b[2m    \u001b[0m \u001b[90m 26 | \u001b[39m})\u001b[0m\u001b[22m\n\u001b[2m    \u001b[0m \u001b[90m 27 | \u001b[39m\u001b[0m\u001b[22m\n\u001b[2m\u001b[22m\n\u001b[2m      \u001b[2mat Object.<anonymous> (\u001b[2m\u001b[0m\u001b[36mtests/spot-check-2/ex-1.test.js\u001b[39m\u001b[0m\u001b[2m:24:16)\u001b[2m\u001b[22m\n","numFailingTests":2,"numPassingTests":0,"numPendingTests":0,"numTodoTests":0,"perfStats":{"end":1555760787130,"start":1555760786838},"snapshot":{"added":0,"fileDeleted":false,"matched":0,"unchecked":0,"unmatched":0,"updated":0,"uncheckedKeys":[]},"testFilePath":"/Users/hunter/Repositories/Elevation/tests/mobx1-lesson-exercises/tests/spot-check-2/ex-1.test.js","testResults":[{"ancestorTitles":["exercise1"],"duration":2,"failureMessages":["TypeError: _ShoppingList.default is not a constructor\n    at Object.<anonymous> (/Users/hunter/Repositories/Elevation/tests/mobx1-lesson-exercises/tests/spot-check-2/ex-1.test.js:13:23)\n    at Object.asyncJestLifecycle (/Users/hunter/Repositories/Elevation/tests/mobx1-lesson-exercises/node_modules/jest-config/node_modules/jest-jasmine2/build/jasmineAsyncInstall.js:53:37)\n    at resolve (/Users/hunter/Repositories/Elevation/tests/mobx1-lesson-exercises/node_modules/jest-config/node_modules/jest-jasmine2/build/queueRunner.js:41:12)\n    at new Promise (<anonymous>)\n    at mapper (/Users/hunter/Repositories/Elevation/tests/mobx1-lesson-exercises/node_modules/jest-config/node_modules/jest-jasmine2/build/queueRunner.js:26:19)\n    at promise.then (/Users/hunter/Repositories/Elevation/tests/mobx1-lesson-exercises/node_modules/jest-config/node_modules/jest-jasmine2/build/queueRunner.js:71:41)\n    at processTicksAndRejections (internal/process/next_tick.js:81:5)"],"fullName":"exercise1 Application should render without crashing","location":null,"numPassingAsserts":0,"status":"failed","title":"Application should render without crashing"},{"ancestorTitles":["exercise1"],"duration":16,"failureMessages":["TypeError: _ShoppingList.default is not a constructor\n    at Object.<anonymous> (/Users/hunter/Repositories/Elevation/tests/mobx1-lesson-exercises/tests/spot-check-2/ex-1.test.js:13:23)\n    at Object.asyncJestLifecycle (/Users/hunter/Repositories/Elevation/tests/mobx1-lesson-exercises/node_modules/jest-config/node_modules/jest-jasmine2/build/jasmineAsyncInstall.js:53:37)\n    at resolve (/Users/hunter/Repositories/Elevation/tests/mobx1-lesson-exercises/node_modules/jest-config/node_modules/jest-jasmine2/build/queueRunner.js:41:12)\n    at new Promise (<anonymous>)\n    at mapper (/Users/hunter/Repositories/Elevation/tests/mobx1-lesson-exercises/node_modules/jest-config/node_modules/jest-jasmine2/build/queueRunner.js:26:19)\n    at promise.then (/Users/hunter/Repositories/Elevation/tests/mobx1-lesson-exercises/node_modules/jest-config/node_modules/jest-jasmine2/build/queueRunner.js:71:41)\n    at processTicksAndRejections (internal/process/next_tick.js:81:5)","TypeError: Cannot read property 'list' of undefined\n    at Object.<anonymous> (/Users/hunter/Repositories/Elevation/tests/mobx1-lesson-exercises/tests/spot-check-2/ex-1.test.js:24:16)\n    at Object.asyncJestTest (/Users/hunter/Repositories/Elevation/tests/mobx1-lesson-exercises/node_modules/jest-config/node_modules/jest-jasmine2/build/jasmineAsyncInstall.js:102:37)\n    at resolve (/Users/hunter/Repositories/Elevation/tests/mobx1-lesson-exercises/node_modules/jest-config/node_modules/jest-jasmine2/build/queueRunner.js:41:12)\n    at new Promise (<anonymous>)\n    at mapper (/Users/hunter/Repositories/Elevation/tests/mobx1-lesson-exercises/node_modules/jest-config/node_modules/jest-jasmine2/build/queueRunner.js:26:19)\n    at promise.then (/Users/hunter/Repositories/Elevation/tests/mobx1-lesson-exercises/node_modules/jest-config/node_modules/jest-jasmine2/build/queueRunner.js:71:41)\n    at processTicksAndRejections (internal/process/next_tick.js:81:5)"],"fullName":"exercise1 App is reading the mobx store list property","location":null,"numPassingAsserts":0,"status":"failed","title":"App is reading the mobx store list property"}],"sourceMaps":{},"skipped":false,"leaks":false}],"wasInterrupted":false}